0 verbose cli /usr/local/bin/node /usr/local/bin/npm
1 info using npm@10.8.2
2 info using node@v20.20.0
3 silly config load:file:/usr/local/lib/node_modules/npm/npmrc
4 silly config load:file:/Users/matthewgodwin/Documents/Builds/diensabyansah/.npmrc
5 silly config load:file:/Users/matthewgodwin/.npmrc
6 silly config load:file:/usr/local/etc/npmrc
7 verbose title npm install nodemailer @types/nodemailer
8 verbose argv "install" "nodemailer" "@types/nodemailer"
9 verbose logfile logs-max:10 dir:/Users/matthewgodwin/Documents/Builds/diensabyansah/.npm-cache/_logs/2026-04-23T23_02_14_345Z-
10 verbose logfile /Users/matthewgodwin/Documents/Builds/diensabyansah/.npm-cache/_logs/2026-04-23T23_02_14_345Z-debug-0.log
11 silly packumentCache heap:4345298944 maxSize:1086324736 maxEntrySize:543162368
12 silly logfile done cleaning log files
13 silly idealTree buildDeps
14 silly fetch manifest nodemailer@*
15 silly packumentCache full:https://registry.npmjs.org/nodemailer cache-miss
16 http fetch GET 200 https://registry.npmjs.org/nodemailer 2613ms (cache miss)
17 silly packumentCache full:https://registry.npmjs.org/nodemailer set size:undefined disposed:false
18 silly fetch manifest @types/nodemailer@*
19 silly packumentCache full:https://registry.npmjs.org/@types%2fnodemailer cache-miss
20 http fetch GET 200 https://registry.npmjs.org/@types%2fnodemailer 2264ms (cache miss)
21 silly packumentCache full:https://registry.npmjs.org/@types%2fnodemailer set size:undefined disposed:false
22 silly placeDep ROOT @types/nodemailer@8.0.0 OK for: diensabyansah@0.1.0 want: *
23 silly placeDep ROOT nodemailer@8.0.5 OK for: diensabyansah@0.1.0 want: *
24 silly reify mark retired [
24 silly reify   '/Users/matthewgodwin/Documents/Builds/diensabyansah/node_modules/aws-ssl-profiles'
24 silly reify ]
25 silly reify mark retired [
25 silly reify   '/Users/matthewgodwin/Documents/Builds/diensabyansah/node_modules/better-result'
25 silly reify ]
26 silly reify mark retired [
26 silly reify   '/Users/matthewgodwin/Documents/Builds/diensabyansah/node_modules/chart.js'
26 silly reify ]
27 silly reify mark retired [
27 silly reify   '/Users/matthewgodwin/Documents/Builds/diensabyansah/node_modules/denque'
27 silly reify ]
28 silly reify mark retired [
28 silly reify   '/Users/matthewgodwin/Documents/Builds/diensabyansah/node_modules/foreground-child'
28 silly reify ]
29 silly reify mark retired [
29 silly reify   '/Users/matthewgodwin/Documents/Builds/diensabyansah/node_modules/generate-function'
29 silly reify ]
30 silly reify mark retired [
30 silly reify   '/Users/matthewgodwin/Documents/Builds/diensabyansah/node_modules/get-port-please'
30 silly reify ]
31 silly reify mark retired [
31 silly reify   '/Users/matthewgodwin/Documents/Builds/diensabyansah/node_modules/grammex'
31 silly reify ]
32 silly reify mark retired [
32 silly reify   '/Users/matthewgodwin/Documents/Builds/diensabyansah/node_modules/graphmatch'
32 silly reify ]
33 silly reify mark retired [
33 silly reify   '/Users/matthewgodwin/Documents/Builds/diensabyansah/node_modules/http-status-codes'
33 silly reify ]
34 silly reify mark retired [
34 silly reify   '/Users/matthewgodwin/Documents/Builds/diensabyansah/node_modules/is-property'
34 silly reify ]
35 silly reify mark retired [
35 silly reify   '/Users/matthewgodwin/Documents/Builds/diensabyansah/node_modules/long'
35 silly reify ]
36 silly reify mark retired [
36 silly reify   '/Users/matthewgodwin/Documents/Builds/diensabyansah/node_modules/lru.min'
36 silly reify ]
37 silly reify mark retired [
37 silly reify   '/Users/matthewgodwin/Documents/Builds/diensabyansah/node_modules/mysql2'
37 silly reify ]
38 silly reify mark retired [
38 silly reify   '/Users/matthewgodwin/Documents/Builds/diensabyansah/node_modules/named-placeholders'
38 silly reify ]
39 silly reify mark retired [
39 silly reify   '/Users/matthewgodwin/Documents/Builds/diensabyansah/node_modules/postgres'
39 silly reify ]
40 silly reify mark retired [
40 silly reify   '/Users/matthewgodwin/Documents/Builds/diensabyansah/node_modules/proper-lockfile'
40 silly reify ]
41 silly reify mark retired [
41 silly reify   '/Users/matthewgodwin/Documents/Builds/diensabyansah/node_modules/remeda'
41 silly reify ]
42 silly reify mark retired [
42 silly reify   '/Users/matthewgodwin/Documents/Builds/diensabyansah/node_modules/retry'
42 silly reify ]
43 silly reify mark retired [
43 silly reify   '/Users/matthewgodwin/Documents/Builds/diensabyansah/node_modules/seq-queue'
43 silly reify ]
44 silly reify mark retired [
44 silly reify   '/Users/matthewgodwin/Documents/Builds/diensabyansah/node_modules/sqlstring'
44 silly reify ]
45 silly reify mark retired [
45 silly reify   '/Users/matthewgodwin/Documents/Builds/diensabyansah/node_modules/std-env'
45 silly reify ]
46 silly reify mark retired [
46 silly reify   '/Users/matthewgodwin/Documents/Builds/diensabyansah/node_modules/valibot'
46 silly reify ]
47 silly reify mark retired [
47 silly reify   '/Users/matthewgodwin/Documents/Builds/diensabyansah/node_modules/zeptomatch'
47 silly reify ]
48 silly reify mark retired [
48 silly reify   '/Users/matthewgodwin/Documents/Builds/diensabyansah/node_modules/@electric-sql/pglite'
48 silly reify ]
49 silly reify mark retired [
49 silly reify   '/Users/matthewgodwin/Documents/Builds/diensabyansah/node_modules/@electric-sql/pglite-socket',
49 silly reify   '/Users/matthewgodwin/Documents/Builds/diensabyansah/node_modules/.bin/pglite-server'
49 silly reify ]
50 silly reify mark retired [
50 silly reify   '/Users/matthewgodwin/Documents/Builds/diensabyansah/node_modules/@electric-sql/pglite-tools'
50 silly reify ]
51 silly reify mark retired [
51 silly reify   '/Users/matthewgodwin/Documents/Builds/diensabyansah/node_modules/@hono/node-server'
51 silly reify ]
52 silly reify mark retired [
52 silly reify   '/Users/matthewgodwin/Documents/Builds/diensabyansah/node_modules/@kurkle/color'
52 silly reify ]
53 silly reify mark retired [
53 silly reify   '/Users/matthewgodwin/Documents/Builds/diensabyansah/node_modules/@prisma/client-runtime-utils'
53 silly reify ]
54 silly reify mark retired [
54 silly reify   '/Users/matthewgodwin/Documents/Builds/diensabyansah/node_modules/@prisma/dev'
54 silly reify ]
55 silly reify mark retired [
55 silly reify   '/Users/matthewgodwin/Documents/Builds/diensabyansah/node_modules/@prisma/query-plan-executor'
55 silly reify ]
56 silly reify mark retired [
56 silly reify   '/Users/matthewgodwin/Documents/Builds/diensabyansah/node_modules/@prisma/streams-local'
56 silly reify ]
57 silly reify mark retired [
57 silly reify   '/Users/matthewgodwin/Documents/Builds/diensabyansah/node_modules/@prisma/studio-core'
57 silly reify ]
58 silly reify moves {
58 silly reify   '/Users/matthewgodwin/Documents/Builds/diensabyansah/node_modules/aws-ssl-profiles': '/Users/matthewgodwin/Documents/Builds/diensabyansah/node_modules/.aws-ssl-profiles-T5wSZgbG',
58 silly reify   '/Users/matthewgodwin/Documents/Builds/diensabyansah/node_modules/better-result': '/Users/matthewgodwin/Documents/Builds/diensabyansah/node_modules/.better-result-RuRUqtWQ',
58 silly reify   '/Users/matthewgodwin/Documents/Builds/diensabyansah/node_modules/chart.js': '/Users/matthewgodwin/Documents/Builds/diensabyansah/node_modules/.chart.js-8CftsMOO',
58 silly reify   '/Users/matthewgodwin/Documents/Builds/diensabyansah/node_modules/denque': '/Users/matthewgodwin/Documents/Builds/diensabyansah/node_modules/.denque-9IUWP1ok',
58 silly reify   '/Users/matthewgodwin/Documents/Builds/diensabyansah/node_modules/foreground-child': '/Users/matthewgodwin/Documents/Builds/diensabyansah/node_modules/.foreground-child-xASzt2dN',
58 silly reify   '/Users/matthewgodwin/Documents/Builds/diensabyansah/node_modules/generate-function': '/Users/matthewgodwin/Documents/Builds/diensabyansah/node_modules/.generate-function-l9LyuYbg',
58 silly reify   '/Users/matthewgodwin/Documents/Builds/diensabyansah/node_modules/get-port-please': '/Users/matthewgodwin/Documents/Builds/diensabyansah/node_modules/.get-port-please-wetWhdx3',
58 silly reify   '/Users/matthewgodwin/Documents/Builds/diensabyansah/node_modules/grammex': '/Users/matthewgodwin/Documents/Builds/diensabyansah/node_modules/.grammex-2kXDb94k',
58 silly reify   '/Users/matthewgodwin/Documents/Builds/diensabyansah/node_modules/graphmatch': '/Users/matthewgodwin/Documents/Builds/diensabyansah/node_modules/.graphmatch-EsPGCvzC',
58 silly reify   '/Users/matthewgodwin/Documents/Builds/diensabyansah/node_modules/http-status-codes': '/Users/matthewgodwin/Documents/Builds/diensabyansah/node_modules/.http-status-codes-Ggo4uC05',
58 silly reify   '/Users/matthewgodwin/Documents/Builds/diensabyansah/node_modules/is-property': '/Users/matthewgodwin/Documents/Builds/diensabyansah/node_modules/.is-property-q4Xc6udU',
58 silly reify   '/Users/matthewgodwin/Documents/Builds/diensabyansah/node_modules/long': '/Users/matthewgodwin/Documents/Builds/diensabyansah/node_modules/.long-C6bmMW4E',
58 silly reify   '/Users/matthewgodwin/Documents/Builds/diensabyansah/node_modules/lru.min': '/Users/matthewgodwin/Documents/Builds/diensabyansah/node_modules/.lru.min-7AVfhals',
58 silly reify   '/Users/matthewgodwin/Documents/Builds/diensabyansah/node_modules/mysql2': '/Users/matthewgodwin/Documents/Builds/diensabyansah/node_modules/.mysql2-qjdfdPyT',
58 silly reify   '/Users/matthewgodwin/Documents/Builds/diensabyansah/node_modules/named-placeholders': '/Users/matthewgodwin/Documents/Builds/diensabyansah/node_modules/.named-placeholders-wOhSPK32',
58 silly reify   '/Users/matthewgodwin/Documents/Builds/diensabyansah/node_modules/postgres': '/Users/matthewgodwin/Documents/Builds/diensabyansah/node_modules/.postgres-geCOaVqQ',
58 silly reify   '/Users/matthewgodwin/Documents/Builds/diensabyansah/node_modules/proper-lockfile': '/Users/matthewgodwin/Documents/Builds/diensabyansah/node_modules/.proper-lockfile-PdfIs8ya',
58 silly reify   '/Users/matthewgodwin/Documents/Builds/diensabyansah/node_modules/remeda': '/Users/matthewgodwin/Documents/Builds/diensabyansah/node_modules/.remeda-9tVBCgub',
58 silly reify   '/Users/matthewgodwin/Documents/Builds/diensabyansah/node_modules/retry': '/Users/matthewgodwin/Documents/Builds/diensabyansah/node_modules/.retry-zThkSRuc',
58 silly reify   '/Users/matthewgodwin/Documents/Builds/diensabyansah/node_modules/seq-queue': '/Users/matthewgodwin/Documents/Builds/diensabyansah/node_modules/.seq-queue-Fz89XQK6',
58 silly reify   '/Users/matthewgodwin/Documents/Builds/diensabyansah/node_modules/sqlstring': '/Users/matthewgodwin/Documents/Builds/diensabyansah/node_modules/.sqlstring-wECOUy3V',
58 silly reify   '/Users/matthewgodwin/Documents/Builds/diensabyansah/node_modules/std-env': '/Users/matthewgodwin/Documents/Builds/diensabyansah/node_modules/.std-env-ukuX5l64',
58 silly reify   '/Users/matthewgodwin/Documents/Builds/diensabyansah/node_modules/valibot': '/Users/matthewgodwin/Documents/Builds/diensabyansah/node_modules/.valibot-PncgEzTO',
58 silly reify   '/Users/matthewgodwin/Documents/Builds/diensabyansah/node_modules/zeptomatch': '/Users/matthewgodwin/Documents/Builds/diensabyansah/node_modules/.zeptomatch-HUue2Nrh',
58 silly reify   '/Users/matthewgodwin/Documents/Builds/diensabyansah/node_modules/@electric-sql/pglite': '/Users/matthewgodwin/Documents/Builds/diensabyansah/node_modules/@electric-sql/.pglite-MNcWPh7S',
58 silly reify   '/Users/matthewgodwin/Documents/Builds/diensabyansah/node_modules/@electric-sql/pglite-socket': '/Users/matthewgodwin/Documents/Builds/diensabyansah/node_modules/@electric-sql/.pglite-socket-3s7qPo49',
58 silly reify   '/Users/matthewgodwin/Documents/Builds/diensabyansah/node_modules/.bin/pglite-server': '/Users/matthewgodwin/Documents/Builds/diensabyansah/node_modules/.bin/.pglite-server-2dtkB2Hq',
58 silly reify   '/Users/matthewgodwin/Documents/Builds/diensabyansah/node_modules/@electric-sql/pglite-tools': '/Users/matthewgodwin/Documents/Builds/diensabyansah/node_modules/@electric-sql/.pglite-tools-iWkZp61t',
58 silly reify   '/Users/matthewgodwin/Documents/Builds/diensabyansah/node_modules/@hono/node-server': '/Users/matthewgodwin/Documents/Builds/diensabyansah/node_modules/@hono/.node-server-rr8092vC',
58 silly reify   '/Users/matthewgodwin/Documents/Builds/diensabyansah/node_modules/@kurkle/color': '/Users/matthewgodwin/Documents/Builds/diensabyansah/node_modules/@kurkle/.color-sJqkIapV',
58 silly reify   '/Users/matthewgodwin/Documents/Builds/diensabyansah/node_modules/@prisma/client-runtime-utils': '/Users/matthewgodwin/Documents/Builds/diensabyansah/node_modules/@prisma/.client-runtime-utils-hyN8dMlE',
58 silly reify   '/Users/matthewgodwin/Documents/Builds/diensabyansah/node_modules/@prisma/dev': '/Users/matthewgodwin/Documents/Builds/diensabyansah/node_modules/@prisma/.dev-v39vetZY',
58 silly reify   '/Users/matthewgodwin/Documents/Builds/diensabyansah/node_modules/@prisma/query-plan-executor': '/Users/matthewgodwin/Documents/Builds/diensabyansah/node_modules/@prisma/.query-plan-executor-VPSDIHNL',
58 silly reify   '/Users/matthewgodwin/Documents/Builds/diensabyansah/node_modules/@prisma/streams-local': '/Users/matthewgodwin/Documents/Builds/diensabyansah/node_modules/@prisma/.streams-local-XqRGEJ7e',
58 silly reify   '/Users/matthewgodwin/Documents/Builds/diensabyansah/node_modules/@prisma/studio-core': '/Users/matthewgodwin/Documents/Builds/diensabyansah/node_modules/@prisma/.studio-core-2b6K2f0b'
58 silly reify }
59 silly audit bulk request {
59 silly audit   accepts: [ '2.0.0' ],
59 silly audit   acorn: [ '8.16.0' ],
59 silly audit   'acorn-jsx': [ '5.3.2' ],
59 silly audit   'agent-base': [ '7.1.4' ],
59 silly audit   ajv: [ '6.14.0', '8.18.0' ],
59 silly audit   'ajv-formats': [ '3.0.1' ],
59 silly audit   'json-schema-traverse': [ '1.0.0', '0.4.1' ],
59 silly audit   'ansi-regex': [ '6.2.2', '5.0.1' ],
59 silly audit   'ansi-styles': [ '4.3.0' ],
59 silly audit   argparse: [ '2.0.1' ],
59 silly audit   'aria-hidden': [ '1.2.6' ],
59 silly audit   'aria-query': [ '5.3.2' ],
59 silly audit   'array-buffer-byte-length': [ '1.0.2' ],
59 silly audit   'array-includes': [ '3.1.9' ],
59 silly audit   'array.prototype.findlastindex': [ '1.2.6' ],
59 silly audit   'array.prototype.findlast': [ '1.2.5' ],
59 silly audit   'array.prototype.flat': [ '1.3.3' ],
59 silly audit   'array.prototype.flatmap': [ '1.3.3' ],
59 silly audit   'array.prototype.tosorted': [ '1.1.4' ],
59 silly audit   'arraybuffer.prototype.slice': [ '1.0.4' ],
59 silly audit   'ast-types': [ '0.16.1' ],
59 silly audit   'ast-types-flow': [ '0.0.8' ],
59 silly audit   'async-function': [ '1.0.0' ],
59 silly audit   'available-typed-arrays': [ '1.0.7' ],
59 silly audit   'axe-core': [ '4.11.1' ],
59 silly audit   'axobject-query': [ '4.1.0' ],
59 silly audit   'babel-plugin-react-compiler': [ '1.0.0' ],
59 silly audit   'balanced-match': [ '1.0.2', '4.0.4' ],
59 silly audit   'baseline-browser-mapping': [ '2.10.12' ],
59 silly audit   'body-parser': [ '2.2.2' ],
59 silly audit   'brace-expansion': [ '1.1.13', '5.0.5' ],
59 silly audit   braces: [ '3.0.3' ],
59 silly audit   browserslist: [ '4.28.1' ],
59 silly audit   'bundle-name': [ '4.1.0' ],
59 silly audit   bytes: [ '3.1.2' ],
59 silly audit   c12: [ '3.1.0' ],
59 silly audit   dotenv: [ '16.6.1', '17.4.2', '17.3.1' ],
59 silly audit   'call-bind': [ '1.0.8' ],
59 silly audit   'call-bind-apply-helpers': [ '1.0.2' ],
59 silly audit   'call-bound': [ '1.0.4' ],
59 silly audit   callsites: [ '3.1.0' ],
59 silly audit   'caniuse-lite': [ '1.0.30001782' ],
59 silly audit   chalk: [ '4.1.2', '5.6.2' ],
59 silly audit   chokidar: [ '4.0.3' ],
59 silly audit   citty: [ '0.1.6', '0.2.2' ],
59 silly audit   'class-variance-authority': [ '0.7.1' ],
59 silly audit   'cli-cursor': [ '5.0.0' ],
59 silly audit   'cli-spinners': [ '2.9.2' ],
59 silly audit   'cli-width': [ '4.1.0' ],
59 silly audit   'client-only': [ '0.0.1' ],
59 silly audit   cliui: [ '8.0.1' ],
59 silly audit   'string-width': [ '4.2.3', '7.2.0' ],
59 silly audit   'emoji-regex': [ '8.0.0', '9.2.2', '10.6.0' ],
59 silly audit   'strip-ansi': [ '6.0.1', '7.2.0' ],
59 silly audit   'wrap-ansi': [ '7.0.0', '6.2.0' ],
59 silly audit   clsx: [ '2.1.1' ],
59 silly audit   'code-block-writer': [ '13.0.3' ],
59 silly audit   'color-convert': [ '2.0.1' ],
59 silly audit   'color-name': [ '1.1.4' ],
59 silly audit   commander: [ '14.0.3', '11.1.0' ],
59 silly audit   'concat-map': [ '0.0.1' ],
59 silly audit   confbox: [ '0.2.4' ],
59 silly audit   consola: [ '3.4.2' ],
59 silly audit   'content-disposition': [ '1.0.1' ],
59 silly audit   'content-type': [ '1.0.5' ],
59 silly audit   'convert-source-map': [ '2.0.0' ],
59 silly audit   cookie: [ '1.1.1', '0.7.2' ],
59 silly audit   'cookie-signature': [ '1.2.2' ],
59 silly audit   cors: [ '2.8.6' ],
59 silly audit   cosmiconfig: [ '9.0.1' ],
59 silly audit   'cross-spawn': [ '7.0.6' ],
59 silly audit   cssesc: [ '3.0.0' ],
59 silly audit   csstype: [ '3.2.3' ],
59 silly audit   'damerau-levenshtein': [ '1.0.8' ],
59 silly audit   'data-uri-to-buffer': [ '4.0.1' ],
59 silly audit   'data-view-buffer': [ '1.0.2' ],
59 silly audit   'data-view-byte-length': [ '1.0.2' ],
59 silly audit   'data-view-byte-offset': [ '1.0.1' ],
59 silly audit   debug: [ '4.4.3', '3.2.7' ],
59 silly audit   dedent: [ '1.7.2' ],
59 silly audit   'deep-is': [ '0.1.4' ],
59 silly audit   deepmerge: [ '4.3.1' ],
59 silly audit   'deepmerge-ts': [ '7.1.5' ],
59 silly audit   'default-browser': [ '5.5.0' ],
59 silly audit   'default-browser-id': [ '5.0.1' ],
59 silly audit   'define-data-property': [ '1.1.4' ],
59 silly audit   'define-lazy-prop': [ '3.0.0' ],
59 silly audit   'define-properties': [ '1.2.1' ],
59 silly audit   defu: [ '6.1.7' ],
59 silly audit   depd: [ '2.0.0' ],
59 silly audit   destr: [ '2.0.5' ],
59 silly audit   'detect-libc': [ '2.1.2' ],
59 silly audit   'detect-node-es': [ '1.1.0' ],
59 silly audit   diff: [ '8.0.4' ],
59 silly audit   doctrine: [ '2.1.0' ],
59 silly audit   'dunder-proto': [ '1.0.1' ],
59 silly audit   eciesjs: [ '0.4.18' ],
59 silly audit   'ee-first': [ '1.1.1' ],
59 silly audit   effect: [ '3.21.0' ],
59 silly audit   'electron-to-chromium': [ '1.5.328' ],
59 silly audit   empathic: [ '2.0.0' ],
59 silly audit   encodeurl: [ '2.0.0' ],
59 silly audit   'enhanced-resolve': [ '5.20.1' ],
59 silly audit   'env-paths': [ '2.2.1' ],
59 silly audit   'error-ex': [ '1.3.4' ],
59 silly audit   'es-abstract': [ '1.24.1' ],
59 silly audit   'es-define-property': [ '1.0.1' ],
59 silly audit   'es-errors': [ '1.3.0' ],
59 silly audit   'es-iterator-helpers': [ '1.3.1' ],
59 silly audit   'es-set-tostringtag': [ '2.1.0' ],
59 silly audit   'es-object-atoms': [ '1.1.1' ],
59 silly audit   'es-shim-unscopables': [ '1.1.0' ],
59 silly audit   'es-to-primitive': [ '1.3.0' ],
59 silly audit   escalade: [ '3.2.0' ],
59 silly audit   'escape-html': [ '1.0.3' ],
59 silly audit   'escape-string-regexp': [ '4.0.0' ],
59 silly audit   eslint: [ '9.39.4' ],
59 silly audit   'eslint-config-next': [ '16.2.1' ],
59 silly audit   'eslint-import-resolver-node': [ '0.3.9' ],
59 silly audit   'eslint-import-resolver-typescript': [ '3.10.1' ],
59 silly audit   'eslint-module-utils': [ '2.12.1' ],
59 silly audit   'eslint-plugin-import': [ '2.32.0' ],
59 silly audit   'tsconfig-paths': [ '3.15.0', '4.2.0' ],
59 silly audit   json5: [ '1.0.2', '2.2.3' ],
59 silly audit   'eslint-plugin-jsx-a11y': [ '6.10.2' ],
59 silly audit   'eslint-plugin-react': [ '7.37.5' ],
59 silly audit   resolve: [ '2.0.0-next.6', '1.22.11' ],
59 silly audit   'eslint-plugin-react-hooks': [ '7.0.1' ],
59 silly audit   zod: [ '4.3.6', '3.25.76' ],
59 silly audit   'eslint-scope': [ '8.4.0' ],
59 silly audit   'eslint-visitor-keys': [ '4.2.1', '3.4.3', '5.0.1' ],
59 silly audit   espree: [ '10.4.0' ],
59 silly audit   esprima: [ '4.0.1' ],
59 silly audit   esquery: [ '1.7.0' ],
59 silly audit   esrecurse: [ '4.3.0' ],
59 silly audit   estraverse: [ '5.3.0' ],
59 silly audit   eventsource: [ '3.0.7' ],
59 silly audit   esutils: [ '2.0.3' ],
59 silly audit   etag: [ '1.8.1' ],
59 silly audit   'eventsource-parser': [ '3.0.6' ],
59 silly audit   execa: [ '9.6.1', '5.1.1' ],
59 silly audit   express: [ '5.2.1' ],
59 silly audit   'express-rate-limit': [ '8.3.1' ],
59 silly audit   exsolve: [ '1.0.8' ],
59 silly audit   'fast-check': [ '3.23.2' ],
59 silly audit   'fast-deep-equal': [ '3.1.3' ],
59 silly audit   'fast-glob': [ '3.3.3', '3.3.1' ],
59 silly audit   'glob-parent': [ '5.1.2', '6.0.2' ],
59 silly audit   'fast-json-stable-stringify': [ '2.1.0' ],
59 silly audit   'fast-levenshtein': [ '2.0.6' ],
59 silly audit   'fast-uri': [ '3.1.0' ],
59 silly audit   fastq: [ '1.20.1' ],
59 silly audit   fdir: [ '6.5.0' ],
59 silly audit   'fetch-blob': [ '3.2.0' ],
59 silly audit   figures: [ '6.1.0' ],
59 silly audit   'file-entry-cache': [ '8.0.0' ],
59 silly audit   'fill-range': [ '7.1.1' ],
59 silly audit   finalhandler: [ '2.1.1' ],
59 silly audit   'find-up': [ '5.0.0' ],
59 silly audit   flatted: [ '3.4.2' ],
59 silly audit   'flat-cache': [ '4.0.1' ],
59 silly audit   'for-each': [ '0.3.5' ],
59 silly audit   'formdata-polyfill': [ '4.0.10' ],
59 silly audit   fresh: [ '2.0.0' ],
59 silly audit   forwarded: [ '0.2.0' ],
59 silly audit   'fs-extra': [ '11.3.4' ],
59 silly audit   'function-bind': [ '1.1.2' ],
59 silly audit   'function.prototype.name': [ '1.1.8' ],
59 silly audit   'functions-have-names': [ '1.2.3' ],
59 silly audit   fuzzysort: [ '3.1.0' ],
59 silly audit   'generator-function': [ '2.0.1' ],
59 silly audit   gensync: [ '1.0.0-beta.2' ],
59 silly audit   'get-caller-file': [ '2.0.5' ],
59 silly audit   'get-east-asian-width': [ '1.5.0' ],
59 silly audit   'get-intrinsic': [ '1.3.0' ],
59 silly audit   'get-nonce': [ '1.0.1' ],
59 silly audit   'get-own-enumerable-keys': [ '1.0.0' ],
59 silly audit   'get-proto': [ '1.0.1' ],
59 silly audit   'get-stream': [ '9.0.1', '6.0.1' ],
59 silly audit   'get-symbol-description': [ '1.1.0' ],
59 silly audit   'get-tsconfig': [ '4.13.7' ],
59 silly audit   giget: [ '2.0.0' ],
59 silly audit   globals: [ '16.4.0', '14.0.0' ],
59 silly audit   globalthis: [ '1.0.4' ],
59 silly audit   gopd: [ '1.2.0' ],
59 silly audit   'graceful-fs': [ '4.2.11' ],
59 silly audit   graphql: [ '16.13.2' ],
59 silly audit   'has-bigints': [ '1.1.0' ],
59 silly audit   'has-flag': [ '4.0.0' ],
59 silly audit   'has-property-descriptors': [ '1.0.2' ],
59 silly audit   'has-proto': [ '1.2.0' ],
59 silly audit   'has-symbols': [ '1.1.0' ],
59 silly audit   'has-tostringtag': [ '1.0.2' ],
59 silly audit   hasown: [ '2.0.2' ],
59 silly audit   'headers-polyfill': [ '4.0.3' ],
59 silly audit   'hermes-estree': [ '0.25.1' ],
59 silly audit   'hermes-parser': [ '0.25.1' ],
59 silly audit   hono: [ '4.12.9' ],
59 silly audit   'http-errors': [ '2.0.1' ],
59 silly audit   'https-proxy-agent': [ '7.0.6' ],
59 silly audit   'human-signals': [ '8.0.1', '2.1.0' ],
59 silly audit   'iconv-lite': [ '0.7.2' ],
59 silly audit   ignore: [ '5.3.2', '7.0.5' ],
59 silly audit   'import-fresh': [ '3.3.1' ],
59 silly audit   imurmurhash: [ '0.1.4' ],
59 silly audit   inherits: [ '2.0.4' ],
59 silly audit   'internal-slot': [ '1.1.0' ],
59 silly audit   'ip-address': [ '10.1.0' ],
59 silly audit   'ipaddr.js': [ '1.9.1' ],
59 silly audit   'is-array-buffer': [ '3.0.5' ],
59 silly audit   'is-arrayish': [ '0.2.1' ],
59 silly audit   'is-async-function': [ '2.1.1' ],
59 silly audit   'is-bigint': [ '1.1.0' ],
59 silly audit   'is-boolean-object': [ '1.2.2' ],
59 silly audit   'is-bun-module': [ '2.0.0' ],
59 silly audit   semver: [ '7.7.4', '6.3.1' ],
59 silly audit   'is-callable': [ '1.2.7' ],
59 silly audit   'is-core-module': [ '2.16.1' ],
59 silly audit   'is-data-view': [ '1.0.2' ],
59 silly audit   'is-date-object': [ '1.1.0' ],
59 silly audit   'is-docker': [ '3.0.0' ],
59 silly audit   'is-extglob': [ '2.1.1' ],
59 silly audit   'is-finalizationregistry': [ '1.1.1' ],
59 silly audit   'is-fullwidth-code-point': [ '3.0.0' ],
59 silly audit   'is-generator-function': [ '1.1.2' ],
59 silly audit   'is-glob': [ '4.0.3' ],
59 silly audit   'is-in-ssh': [ '1.0.0' ],
59 silly audit   'is-inside-container': [ '1.0.0' ],
59 silly audit   'is-interactive': [ '2.0.0' ],
59 silly audit   'is-map': [ '2.0.3' ],
59 silly audit   'is-negative-zero': [ '2.0.3' ],
59 silly audit   'is-node-process': [ '1.2.0' ],
59 silly audit   'is-number': [ '7.0.0' ],
59 silly audit   'is-obj': [ '3.0.0' ],
59 silly audit   'is-number-object': [ '1.1.1' ],
59 silly audit   'is-plain-obj': [ '4.1.0' ],
59 silly audit   'is-promise': [ '4.0.0' ],
59 silly audit   'is-regex': [ '1.2.1' ],
59 silly audit   'is-regexp': [ '3.1.0' ],
59 silly audit   'is-set': [ '2.0.3' ],
59 silly audit   'is-shared-array-buffer': [ '1.0.4' ],
59 silly audit   'is-stream': [ '4.0.1', '2.0.1' ],
59 silly audit   'is-string': [ '1.1.1' ],
59 silly audit   'is-symbol': [ '1.1.1' ],
59 silly audit   'is-typed-array': [ '1.1.15' ],
59 silly audit   'is-unicode-supported': [ '2.1.0', '1.3.0' ],
59 silly audit   'is-weakmap': [ '2.0.2' ],
59 silly audit   'is-weakref': [ '1.1.1' ],
59 silly audit   'is-weakset': [ '2.0.4' ],
59 silly audit   isarray: [ '2.0.5' ],
59 silly audit   'is-wsl': [ '3.1.1' ],
59 silly audit   isexe: [ '2.0.0', '3.1.5' ],
59 silly audit   'iterator.prototype': [ '1.1.5' ],
59 silly audit   jiti: [ '2.6.1' ],
59 silly audit   jose: [ '6.2.2' ],
59 silly audit   'js-tokens': [ '4.0.0' ],
59 silly audit   'js-yaml': [ '4.1.1' ],
59 silly audit   jsesc: [ '3.1.0' ],
59 silly audit   'json-buffer': [ '3.0.1' ],
59 silly audit   'json-parse-even-better-errors': [ '2.3.1' ],
59 silly audit   'json-schema-typed': [ '8.0.2' ],
59 silly audit   'json-stable-stringify-without-jsonify': [ '1.0.1' ],
59 silly audit   jsonfile: [ '6.2.0' ],
59 silly audit   'jsx-ast-utils': [ '3.3.5' ],
59 silly audit   keyv: [ '4.5.4' ],
59 silly audit   kleur: [ '4.1.5', '3.0.3' ],
59 silly audit   'language-tags': [ '1.0.9' ],
59 silly audit   'language-subtag-registry': [ '0.3.23' ],
59 silly audit   levn: [ '0.4.1' ],
59 silly audit   lightningcss: [ '1.32.0' ],
59 silly audit   'lightningcss-darwin-x64': [ '1.32.0' ],
59 silly audit   'lines-and-columns': [ '1.2.4' ],
59 silly audit   'locate-path': [ '6.0.0' ],
59 silly audit   'lodash.merge': [ '4.6.2' ],
59 silly audit   'log-symbols': [ '6.0.0' ],
59 silly audit   'loose-envify': [ '1.4.0' ],
59 silly audit   'lru-cache': [ '5.1.1' ],
59 silly audit   'magic-string': [ '0.30.21' ],
59 silly audit   'math-intrinsics': [ '1.1.0' ],
59 silly audit   'media-typer': [ '1.1.0' ],
59 silly audit   'merge-descriptors': [ '2.0.0' ],
59 silly audit   'merge-stream': [ '2.0.0' ],
59 silly audit   merge2: [ '1.4.1' ],
59 silly audit   micromatch: [ '4.0.8' ],
59 silly audit   picomatch: [ '2.3.2', '4.0.4' ],
59 silly audit   'mime-db': [ '1.54.0' ],
59 silly audit   'mime-types': [ '3.0.2' ],
59 silly audit   'mimic-fn': [ '2.1.0' ],
59 silly audit   'mimic-function': [ '5.0.1' ],
59 silly audit   minimatch: [ '3.1.5', '10.2.4' ],
59 silly audit   minimist: [ '1.2.8' ],
59 silly audit   ms: [ '2.1.3' ],
59 silly audit   msw: [ '2.12.14' ],
59 silly audit   'mute-stream': [ '2.0.0' ],
59 silly audit   nanoid: [ '3.3.11' ],
59 silly audit   'napi-postinstall': [ '0.3.4' ],
59 silly audit   'natural-compare': [ '1.4.0' ],
59 silly audit   negotiator: [ '1.0.0' ],
59 silly audit   next: [ '16.2.1' ],
59 silly audit   postcss: [ '8.4.31', '8.5.8' ],
59 silly audit   'node-domexception': [ '1.0.0' ],
59 silly audit   'node-exports-info': [ '1.6.0' ],
59 silly audit   'node-fetch': [ '3.3.2' ],
59 silly audit   'node-fetch-native': [ '1.6.7' ],
59 silly audit   'node-releases': [ '2.0.36' ],
59 silly audit   'npm-run-path': [ '6.0.0', '4.0.1' ],
59 silly audit   'path-key': [ '4.0.0', '3.1.1' ],
59 silly audit   nypm: [ '0.6.5' ],
59 silly audit   'object-assign': [ '4.1.1' ],
59 silly audit   'object-inspect': [ '1.13.4' ],
59 silly audit   'object-keys': [ '1.1.1' ],
59 silly audit   'object-treeify': [ '1.1.33' ],
59 silly audit   'object.assign': [ '4.1.7' ],
59 silly audit   'object.entries': [ '1.1.9' ],
59 silly audit   'object.fromentries': [ '2.0.8' ],
59 silly audit   'object.groupby': [ '1.0.3' ],
59 silly audit   'object.values': [ '1.2.1' ],
59 silly audit   ohash: [ '2.0.11' ],
59 silly audit   'on-finished': [ '2.4.1' ],
59 silly audit   once: [ '1.4.0' ],
59 silly audit   onetime: [ '5.1.2', '7.0.0' ],
59 silly audit   open: [ '11.0.0' ],
59 silly audit   optionator: [ '0.9.4' ],
59 silly audit   ora: [ '8.2.0' ],
59 silly audit   outvariant: [ '1.4.3' ],
59 silly audit   'own-keys': [ '1.0.1' ],
59 silly audit   'p-limit': [ '3.1.0' ],
59 silly audit   'p-locate': [ '5.0.0' ],
59 silly audit   'parent-module': [ '1.0.1' ],
59 silly audit   'parse-json': [ '5.2.0' ],
59 silly audit   'parse-ms': [ '4.0.0' ],
59 silly audit   parseurl: [ '1.3.3' ],
59 silly audit   'path-browserify': [ '1.0.1' ],
59 silly audit   'path-exists': [ '4.0.0' ],
59 silly audit   'path-parse': [ '1.0.7' ],
59 silly audit   'path-to-regexp': [ '6.3.0', '8.4.0' ],
59 silly audit   pathe: [ '2.0.3' ],
59 silly audit   'perfect-debounce': [ '1.0.0' ],
59 silly audit   picocolors: [ '1.1.1' ],
59 silly audit   'pkce-challenge': [ '5.0.1' ],
59 silly audit   'pkg-types': [ '2.3.0' ],
59 silly audit   'possible-typed-array-names': [ '1.1.0' ],
59 silly audit   'postcss-selector-parser': [ '7.1.1' ],
59 silly audit   'powershell-utils': [ '0.1.0' ],
59 silly audit   'prelude-ls': [ '1.2.1' ],
59 silly audit   'pretty-ms': [ '9.3.0' ],
59 silly audit   prisma: [ '6.19.3' ],
59 silly audit   prompts: [ '2.4.2' ],
59 silly audit   'prop-types': [ '15.8.1' ],
59 silly audit   'signal-exit': [ '4.1.0', '3.0.7' ],
59 silly audit   'proxy-addr': [ '2.0.7' ],
59 silly audit   punycode: [ '2.3.1' ],
59 silly audit   'pure-rand': [ '6.1.0' ],
59 silly audit   qs: [ '6.15.0' ],
59 silly audit   'queue-microtask': [ '1.2.3' ],
59 silly audit   'radix-ui': [ '1.4.3' ],
59 silly audit   'range-parser': [ '1.2.1' ],
59 silly audit   'raw-body': [ '3.0.2' ],
59 silly audit   rc9: [ '2.1.2' ],
59 silly audit   react: [ '19.2.4' ],
59 silly audit   'react-dom': [ '19.2.4' ],
59 silly audit   'react-is': [ '16.13.1' ],
59 silly audit   'react-remove-scroll': [ '2.7.2' ],
59 silly audit   'react-remove-scroll-bar': [ '2.3.8' ],
59 silly audit   'react-style-singleton': [ '2.2.3' ],
59 silly audit   readdirp: [ '4.1.2' ],
59 silly audit   recast: [ '0.23.11' ],
59 silly audit   'reflect.getprototypeof': [ '1.0.10' ],
59 silly audit   'regexp.prototype.flags': [ '1.5.4' ],
59 silly audit   'require-directory': [ '2.1.1' ],
59 silly audit   'require-from-string': [ '2.0.2' ],
59 silly audit   'resolve-from': [ '4.0.0' ],
59 silly audit   'resolve-pkg-maps': [ '1.0.0' ],
59 silly audit   'restore-cursor': [ '5.1.0' ],
59 silly audit   rettime: [ '0.10.1' ],
59 silly audit   reusify: [ '1.1.0' ],
59 silly audit   router: [ '2.2.0' ],
59 silly audit   'run-applescript': [ '7.1.0' ],
59 silly audit   'run-parallel': [ '1.2.0' ],
59 silly audit   'safe-array-concat': [ '1.1.3' ],
59 silly audit   'safe-push-apply': [ '1.0.0' ],
59 silly audit   'safe-regex-test': [ '1.1.0' ],
59 silly audit   'safer-buffer': [ '2.1.2' ],
59 silly audit   scheduler: [ '0.27.0' ],
59 silly audit   send: [ '1.2.1' ],
59 silly audit   'serve-static': [ '2.2.1' ],
59 silly audit   'set-function-length': [ '1.2.2' ],
59 silly audit   'set-function-name': [ '2.0.2' ],
59 silly audit   'set-proto': [ '1.0.0' ],
59 silly audit   setprototypeof: [ '1.2.0' ],
59 silly audit   shadcn: [ '4.1.1' ],
59 silly audit   sharp: [ '0.34.5' ],
59 silly audit   'shebang-command': [ '2.0.0' ],
59 silly audit   'shebang-regex': [ '3.0.0' ],
59 silly audit   'side-channel': [ '1.1.0' ],
59 silly audit   'side-channel-list': [ '1.0.0' ],
59 silly audit   'side-channel-map': [ '1.0.1' ],
59 silly audit   'side-channel-weakmap': [ '1.0.2' ],
59 silly audit   sisteransi: [ '1.0.5' ],
59 silly audit   'source-map': [ '0.6.1' ],
59 silly audit   'source-map-js': [ '1.2.1' ],
59 silly audit   'stable-hash': [ '0.0.5' ],
59 silly audit   statuses: [ '2.0.2' ],
59 silly audit   'stdin-discarder': [ '0.2.2' ],
59 silly audit   'stop-iteration-iterator': [ '1.1.0' ],
59 silly audit   'strict-event-emitter': [ '0.5.1' ],
59 silly audit   'string.prototype.includes': [ '2.0.1' ],
59 silly audit   'string.prototype.matchall': [ '4.0.12' ],
59 silly audit   'string.prototype.repeat': [ '1.0.0' ],
59 silly audit   'string.prototype.trim': [ '1.2.10' ],
59 silly audit   'string.prototype.trimend': [ '1.0.9' ],
59 silly audit   'string.prototype.trimstart': [ '1.0.8' ],
59 silly audit   'stringify-object': [ '5.0.0' ],
59 silly audit   'strip-bom': [ '3.0.0' ],
59 silly audit   'strip-final-newline': [ '4.0.0', '2.0.0' ],
59 silly audit   'strip-json-comments': [ '3.1.1' ],
59 silly audit   'styled-jsx': [ '5.1.6' ],
59 silly audit   'supports-color': [ '7.2.0' ],
59 silly audit   'supports-preserve-symlinks-flag': [ '1.0.0' ],
59 silly audit   'tagged-tag': [ '1.0.0' ],
59 silly audit   'tailwind-merge': [ '3.5.0' ],
59 silly audit   tailwindcss: [ '4.2.2' ],
59 silly audit   tapable: [ '2.3.2' ],
59 silly audit   'tiny-invariant': [ '1.3.3' ],
59 silly audit   tinyexec: [ '1.0.4' ],
59 silly audit   tinyglobby: [ '0.2.15' ],
59 silly audit   tldts: [ '7.0.27' ],
59 silly audit   'tldts-core': [ '7.0.27' ],
59 silly audit   'to-regex-range': [ '5.0.1' ],
59 silly audit   toidentifier: [ '1.0.1' ],
59 silly audit   'tough-cookie': [ '6.0.1' ],
59 silly audit   'ts-api-utils': [ '2.5.0' ],
59 silly audit   'ts-morph': [ '26.0.0' ],
59 silly audit   tslib: [ '2.8.1' ],
59 silly audit   'tw-animate-css': [ '1.4.0' ],
59 silly audit   'type-check': [ '0.4.0' ],
59 silly audit   'type-fest': [ '5.5.0' ],
59 silly audit   'type-is': [ '2.0.1' ],
59 silly audit   'typed-array-buffer': [ '1.0.3' ],
59 silly audit   'typed-array-byte-length': [ '1.0.3' ],
59 silly audit   'typed-array-byte-offset': [ '1.0.4' ],
59 silly audit   'typed-array-length': [ '1.0.7' ],
59 silly audit   typescript: [ '5.9.3' ],
59 silly audit   'typescript-eslint': [ '8.57.2' ],
59 silly audit   'unbox-primitive': [ '1.1.0' ],
59 silly audit   'undici-types': [ '6.21.0' ],
59 silly audit   'unicorn-magic': [ '0.3.0' ],
59 silly audit   universalify: [ '2.0.1' ],
59 silly audit   unpipe: [ '1.0.0' ],
59 silly audit   'unrs-resolver': [ '1.11.1' ],
59 silly audit   'until-async': [ '3.0.2' ],
59 silly audit   'update-browserslist-db': [ '1.2.3' ],
59 silly audit   'uri-js': [ '4.4.1' ],
59 silly audit   'use-callback-ref': [ '1.3.3' ],
59 silly audit   'use-sidecar': [ '1.1.3' ],
59 silly audit   'use-sync-external-store': [ '1.6.0' ],
59 silly audit   'util-deprecate': [ '1.0.2' ],
59 silly audit   'validate-npm-package-name': [ '7.0.2' ],
59 silly audit   vary: [ '1.1.2' ],
59 silly audit   'web-streams-polyfill': [ '3.3.3' ],
59 silly audit   which: [ '2.0.2', '4.0.0' ],
59 silly audit   'which-boxed-primitive': [ '1.1.1' ],
59 silly audit   'which-builtin-type': [ '1.2.1' ],
59 silly audit   'which-collection': [ '1.0.2' ],
59 silly audit   'which-typed-array': [ '1.1.20' ],
59 silly audit   'word-wrap': [ '1.2.5' ],
59 silly audit   wrappy: [ '1.0.2' ],
59 silly audit   'wsl-utils': [ '0.3.1' ],
59 silly audit   y18n: [ '5.0.8' ],
59 silly audit   yallist: [ '3.1.1' ],
59 silly audit   yargs: [ '17.7.2' ],
59 silly audit   'yargs-parser': [ '21.1.1' ],
59 silly audit   yoctocolors: [ '2.1.2' ],
59 silly audit   'yocto-queue': [ '0.1.0' ],
59 silly audit   'yoctocolors-cjs': [ '2.1.3' ],
59 silly audit   'zod-to-json-schema': [ '3.25.2' ],
59 silly audit   'zod-validation-error': [ '4.0.2' ],
59 silly audit   '@babel/code-frame': [ '7.29.0' ],
59 silly audit   '@babel/generator': [ '7.29.1' ],
59 silly audit   '@babel/core': [ '7.29.0' ],
59 silly audit   '@babel/compat-data': [ '7.29.0' ],
59 silly audit   '@babel/helper-annotate-as-pure': [ '7.27.3' ],
59 silly audit   '@babel/helper-compilation-targets': [ '7.28.6' ],
59 silly audit   '@babel/helper-create-class-features-plugin': [ '7.28.6' ],
59 silly audit   '@babel/helper-globals': [ '7.28.0' ],
59 silly audit   '@babel/helper-member-expression-to-functions': [ '7.28.5' ],
59 silly audit   '@babel/helper-module-imports': [ '7.28.6' ],
59 silly audit   '@babel/helper-module-transforms': [ '7.28.6' ],
59 silly audit   '@babel/helper-optimise-call-expression': [ '7.27.1' ],
59 silly audit   '@babel/helper-plugin-utils': [ '7.28.6' ],
59 silly audit   '@babel/helper-replace-supers': [ '7.28.6' ],
59 silly audit   '@babel/helper-skip-transparent-expression-wrappers': [ '7.27.1' ],
59 silly audit   '@babel/helper-string-parser': [ '7.27.1' ],
59 silly audit   '@babel/helper-validator-identifier': [ '7.28.5' ],
59 silly audit   '@babel/helper-validator-option': [ '7.27.1' ],
59 silly audit   '@babel/helpers': [ '7.29.2' ],
59 silly audit   '@babel/parser': [ '7.29.2' ],
59 silly audit   '@babel/plugin-syntax-jsx': [ '7.28.6' ],
59 silly audit   '@babel/plugin-syntax-typescript': [ '7.28.6' ],
59 silly audit   '@babel/plugin-transform-typescript': [ '7.28.6' ],
59 silly audit   '@babel/plugin-transform-modules-commonjs': [ '7.28.6' ],
59 silly audit   '@babel/preset-typescript': [ '7.28.5' ],
59 silly audit   '@babel/template': [ '7.28.6' ],
59 silly audit   '@babel/traverse': [ '7.29.0' ],
59 silly audit   '@babel/types': [ '7.29.0' ],
59 silly audit   '@alloc/quick-lru': [ '5.2.0' ],
59 silly audit   '@dotenvx/dotenvx': [ '1.59.1' ],
59 silly audit   '@ecies/ciphers': [ '0.2.5' ],
59 silly audit   '@eslint/config-array': [ '0.21.2' ],
59 silly audit   '@eslint/config-helpers': [ '0.4.2' ],
59 silly audit   '@eslint/core': [ '0.17.0' ],
59 silly audit   '@eslint/eslintrc': [ '3.3.5' ],
59 silly audit   '@eslint/js': [ '9.39.4' ],
59 silly audit   '@eslint/object-schema': [ '2.1.7' ],
59 silly audit   '@eslint/plugin-kit': [ '0.4.1' ],
59 silly audit   '@eslint-community/eslint-utils': [ '4.9.1' ],
59 silly audit   '@eslint-community/regexpp': [ '4.12.2' ],
59 silly audit   '@floating-ui/core': [ '1.7.5' ],
59 silly audit   '@floating-ui/dom': [ '1.7.6' ],
59 silly audit   '@floating-ui/react-dom': [ '2.1.8' ],
59 silly audit   '@floating-ui/utils': [ '0.2.11' ],
59 silly audit   '@hono/node-server': [ '1.19.12' ],
59 silly audit   '@humanfs/core': [ '0.19.1' ],
59 silly audit   '@humanfs/node': [ '0.16.7' ],
59 silly audit   '@humanwhocodes/module-importer': [ '1.0.1' ],
59 silly audit   '@humanwhocodes/retry': [ '0.4.3' ],
59 silly audit   '@img/colour': [ '1.1.0' ],
59 silly audit   '@img/sharp-darwin-x64': [ '0.34.5' ],
59 silly audit   '@img/sharp-libvips-darwin-x64': [ '1.2.4' ],
59 silly audit   '@inquirer/ansi': [ '1.0.2' ],
59 silly audit   '@inquirer/confirm': [ '5.1.21' ],
59 silly audit   '@inquirer/core': [ '10.3.2' ],
59 silly audit   '@inquirer/figures': [ '1.0.15' ],
59 silly audit   '@jridgewell/gen-mapping': [ '0.3.13' ],
59 silly audit   '@inquirer/type': [ '3.0.10' ],
59 silly audit   '@jridgewell/remapping': [ '2.3.5' ],
59 silly audit   '@jridgewell/resolve-uri': [ '3.1.2' ],
59 silly audit   '@jridgewell/sourcemap-codec': [ '1.5.5' ],
59 silly audit   '@jridgewell/trace-mapping': [ '0.3.31' ],
59 silly audit   '@modelcontextprotocol/sdk': [ '1.28.0' ],
59 silly audit   '@mswjs/interceptors': [ '0.41.3' ],
59 silly audit   '@next/env': [ '16.2.1' ],
59 silly audit   '@next/swc-darwin-x64': [ '16.2.1' ],
59 silly audit   '@next/eslint-plugin-next': [ '16.2.1' ],
59 silly audit   '@noble/ciphers': [ '1.3.0' ],
59 silly audit   '@noble/curves': [ '1.9.7' ],
59 silly audit   '@noble/hashes': [ '1.8.0' ],
59 silly audit   '@nodelib/fs.scandir': [ '2.1.5' ],
59 silly audit   '@nodelib/fs.stat': [ '2.0.5' ],
59 silly audit   '@nodelib/fs.walk': [ '1.2.8' ],
59 silly audit   '@nolyfill/is-core-module': [ '1.0.39' ],
59 silly audit   '@open-draft/deferred-promise': [ '2.2.0' ],
59 silly audit   '@open-draft/logger': [ '0.3.0' ],
59 silly audit   '@open-draft/until': [ '2.1.0' ],
59 silly audit   '@phosphor-icons/react': [ '2.1.10' ],
59 silly audit   '@prisma/client': [ '6.19.3' ],
59 silly audit   '@prisma/config': [ '6.19.3' ],
59 silly audit   '@prisma/debug': [ '6.19.3' ],
59 silly audit   '@prisma/engines': [ '6.19.3' ],
59 silly audit   '@prisma/engines-version': [ '7.1.1-3.c2990dca591cba766e3b7ef5d9e8a84796e47ab7' ],
59 silly audit   '@prisma/fetch-engine': [ '6.19.3' ],
59 silly audit   '@prisma/get-platform': [ '6.19.3' ],
59 silly audit   '@radix-ui/number': [ '1.1.1' ],
59 silly audit   '@radix-ui/primitive': [ '1.1.3' ],
59 silly audit   '@radix-ui/react-accessible-icon': [ '1.1.7' ],
59 silly audit   '@radix-ui/react-accordion': [ '1.2.12' ],
59 silly audit   '@radix-ui/react-alert-dialog': [ '1.1.15' ],
59 silly audit   '@radix-ui/react-arrow': [ '1.1.7' ],
59 silly audit   '@radix-ui/react-aspect-ratio': [ '1.1.7' ],
59 silly audit   '@radix-ui/react-avatar': [ '1.1.10' ],
59 silly audit   '@radix-ui/react-checkbox': [ '1.3.3' ],
59 silly audit   '@radix-ui/react-collapsible': [ '1.1.12' ],
59 silly audit   '@radix-ui/react-collection': [ '1.1.7' ],
59 silly audit   '@radix-ui/react-compose-refs': [ '1.1.2' ],
59 silly audit   '@radix-ui/react-context': [ '1.1.2' ],
59 silly audit   '@radix-ui/react-context-menu': [ '2.2.16' ],
59 silly audit   '@radix-ui/react-dialog': [ '1.1.15' ],
59 silly audit   '@radix-ui/react-direction': [ '1.1.1' ],
59 silly audit   '@radix-ui/react-dismissable-layer': [ '1.1.11' ],
59 silly audit   '@radix-ui/react-dropdown-menu': [ '2.1.16' ],
59 silly audit   '@radix-ui/react-focus-guards': [ '1.1.3' ],
59 silly audit   '@radix-ui/react-focus-scope': [ '1.1.7' ],
59 silly audit   '@radix-ui/react-form': [ '0.1.8' ],
59 silly audit   '@radix-ui/react-hover-card': [ '1.1.15' ],
59 silly audit   '@radix-ui/react-id': [ '1.1.1' ],
59 silly audit   '@radix-ui/react-label': [ '2.1.7' ],
59 silly audit   '@radix-ui/react-menu': [ '2.1.16' ],
59 silly audit   '@radix-ui/react-menubar': [ '1.1.16' ],
59 silly audit   '@radix-ui/react-navigation-menu': [ '1.2.14' ],
59 silly audit   '@radix-ui/react-one-time-password-field': [ '0.1.8' ],
59 silly audit   '@radix-ui/react-password-toggle-field': [ '0.1.3' ],
59 silly audit   '@radix-ui/react-popover': [ '1.1.15' ],
59 silly audit   '@radix-ui/react-popper': [ '1.2.8' ],
59 silly audit   '@radix-ui/react-portal': [ '1.1.9' ],
59 silly audit   '@radix-ui/react-presence': [ '1.1.5' ],
59 silly audit   '@radix-ui/react-primitive': [ '2.1.3' ],
59 silly audit   '@radix-ui/react-progress': [ '1.1.7' ],
59 silly audit   '@radix-ui/react-radio-group': [ '1.3.8' ],
59 silly audit   '@radix-ui/react-roving-focus': [ '1.1.11' ],
59 silly audit   '@radix-ui/react-scroll-area': [ '1.2.10' ],
59 silly audit   '@radix-ui/react-select': [ '2.2.6' ],
59 silly audit   '@radix-ui/react-separator': [ '1.1.7' ],
59 silly audit   '@radix-ui/react-slider': [ '1.3.6' ],
59 silly audit   '@radix-ui/react-slot': [ '1.2.3' ],
59 silly audit   '@radix-ui/react-switch': [ '1.2.6' ],
59 silly audit   '@radix-ui/react-tabs': [ '1.1.13' ],
59 silly audit   '@radix-ui/react-toast': [ '1.2.15' ],
59 silly audit   '@radix-ui/react-toggle': [ '1.1.10' ],
59 silly audit   '@radix-ui/react-toggle-group': [ '1.1.11' ],
59 silly audit   '@radix-ui/react-toolbar': [ '1.1.11' ],
59 silly audit   '@radix-ui/react-tooltip': [ '1.2.8' ],
59 silly audit   '@radix-ui/react-use-callback-ref': [ '1.1.1' ],
59 silly audit   '@radix-ui/react-use-controllable-state': [ '1.2.2' ],
59 silly audit   '@radix-ui/react-use-effect-event': [ '0.0.2' ],
59 silly audit   '@radix-ui/react-use-escape-keydown': [ '1.1.1' ],
59 silly audit   '@radix-ui/react-use-is-hydrated': [ '0.1.0' ],
59 silly audit   '@radix-ui/react-use-layout-effect': [ '1.1.1' ],
59 silly audit   '@radix-ui/react-use-previous': [ '1.1.1' ],
59 silly audit   '@radix-ui/react-use-rect': [ '1.1.1' ],
59 silly audit   '@radix-ui/react-visually-hidden': [ '1.2.3' ],
59 silly audit   '@radix-ui/react-use-size': [ '1.1.1' ],
59 silly audit   '@radix-ui/rect': [ '1.1.1' ],
59 silly audit   '@rtsao/scc': [ '1.1.0' ],
59 silly audit   '@sec-ant/readable-stream': [ '0.4.1' ],
59 silly audit   '@sindresorhus/merge-streams': [ '4.0.0' ],
59 silly audit   '@standard-schema/spec': [ '1.1.0' ],
59 silly audit   '@swc/helpers': [ '0.5.15' ],
59 silly audit   '@tailwindcss/node': [ '4.2.2' ],
59 silly audit   '@tailwindcss/oxide': [ '4.2.2' ],
59 silly audit   '@tailwindcss/oxide-darwin-x64': [ '4.2.2' ],
59 silly audit   '@tailwindcss/postcss': [ '4.2.2' ],
59 silly audit   '@ts-morph/common': [ '0.27.0' ],
59 silly audit   '@types/estree': [ '1.0.8' ],
59 silly audit   '@types/json-schema': [ '7.0.15' ],
59 silly audit   '@types/json5': [ '0.0.29' ],
59 silly audit   '@types/node': [ '20.19.37' ],
59 silly audit   '@types/react': [ '19.2.14' ],
59 silly audit   '@types/react-dom': [ '19.2.3' ],
59 silly audit   '@types/statuses': [ '2.0.6' ],
59 silly audit   '@types/validate-npm-package-name': [ '4.0.2' ],
59 silly audit   '@typescript-eslint/eslint-plugin': [ '8.57.2' ],
59 silly audit   '@typescript-eslint/parser': [ '8.57.2' ],
59 silly audit   '@typescript-eslint/project-service': [ '8.57.2' ],
59 silly audit   '@typescript-eslint/scope-manager': [ '8.57.2' ],
59 silly audit   '@typescript-eslint/tsconfig-utils': [ '8.57.2' ],
59 silly audit   '@typescript-eslint/type-utils': [ '8.57.2' ],
59 silly audit   '@typescript-eslint/types': [ '8.57.2' ],
59 silly audit   '@typescript-eslint/typescript-estree': [ '8.57.2' ],
59 silly audit   '@typescript-eslint/utils': [ '8.57.2' ],
59 silly audit   '@typescript-eslint/visitor-keys': [ '8.57.2' ],
59 silly audit   '@unrs/resolver-binding-darwin-x64': [ '1.11.1' ],
59 silly audit   '@types/nodemailer': [ '8.0.0' ],
59 silly audit   nodemailer: [ '8.0.5' ]
59 silly audit }
60 silly tarball no local data for nodemailer@https://registry.npmjs.org/nodemailer/-/nodemailer-8.0.5.tgz. Extracting by manifest.
61 silly tarball no local data for @types/nodemailer@https://registry.npmjs.org/@types/nodemailer/-/nodemailer-8.0.0.tgz. Extracting by manifest.
62 http fetch GET 200 https://registry.npmjs.org/npm 6278ms
63 http fetch POST 200 https://registry.npmjs.org/-/npm/v1/security/advisories/bulk 360ms
64 silly audit report {
64 silly audit report   hono: [
64 silly audit report     {
64 silly audit report       id: 1116244,
64 silly audit report       url: 'https://github.com/advisories/GHSA-26pp-8wgv-hjvm',
64 silly audit report       title: 'Hono missing validation of cookie name on write path in setCookie()',
64 silly audit report       severity: 'moderate',
64 silly audit report       vulnerable_versions: '<4.12.12',
64 silly audit report       cwe: [Array],
64 silly audit report       cvss: [Object]
64 silly audit report     },
64 silly audit report     {
64 silly audit report       id: 1116277,
64 silly audit report       url: 'https://github.com/advisories/GHSA-r5rp-j6wh-rvv4',
64 silly audit report       title: 'Hono: Non-breaking space prefix bypass in cookie name handling in getCookie()',
64 silly audit report       severity: 'moderate',
64 silly audit report       vulnerable_versions: '<4.12.12',
64 silly audit report       cwe: [Array],
64 silly audit report       cvss: [Object]
64 silly audit report     },
64 silly audit report     {
64 silly audit report       id: 1116278,
64 silly audit report       url: 'https://github.com/advisories/GHSA-xpcf-pg52-r92g',
64 silly audit report       title: 'Hono has incorrect IP matching in ipRestriction() for IPv4-mapped IPv6 addresses',
64 silly audit report       severity: 'moderate',
64 silly audit report       vulnerable_versions: '<4.12.12',
64 silly audit report       cwe: [Array],
64 silly audit report       cvss: [Object]
64 silly audit report     },
64 silly audit report     {
64 silly audit report       id: 1116279,
64 silly audit report       url: 'https://github.com/advisories/GHSA-xf4j-xp2r-rqqx',
64 silly audit report       title: 'Hono: Path traversal in toSSG() allows writing files outside the output directory',
64 silly audit report       severity: 'moderate',
64 silly audit report       vulnerable_versions: '>=4.0.0 <=4.12.11',
64 silly audit report       cwe: [Array],
64 silly audit report       cvss: [Object]
64 silly audit report     },
64 silly audit report     {
64 silly audit report       id: 1116280,
64 silly audit report       url: 'https://github.com/advisories/GHSA-wmmm-f939-6g9c',
64 silly audit report       title: 'Hono: Middleware bypass via repeated slashes in serveStatic',
64 silly audit report       severity: 'moderate',
64 silly audit report       vulnerable_versions: '<4.12.12',
64 silly audit report       cwe: [Array],
64 silly audit report       cvss: [Object]
64 silly audit report     },
64 silly audit report     {
64 silly audit report       id: 1116669,
64 silly audit report       url: 'https://github.com/advisories/GHSA-458j-xx4x-4375',
64 silly audit report       title: 'hono Improperly Handles JSX Attribute Names Allows HTML Injection in hono/jsx SSR',
64 silly audit report       severity: 'moderate',
64 silly audit report       vulnerable_versions: '<4.12.14',
64 silly audit report       cwe: [Array],
64 silly audit report       cvss: [Object]
64 silly audit report     }
64 silly audit report   ],
64 silly audit report   next: [
64 silly audit report     {
64 silly audit report       id: 1116375,
64 silly audit report       url: 'https://github.com/advisories/GHSA-q4gf-8mx6-v5v3',
64 silly audit report       title: 'Next.js has a Denial of Service with Server Components',
64 silly audit report       severity: 'high',
64 silly audit report       vulnerable_versions: '>=16.0.0-beta.0 <16.2.3',
64 silly audit report       cwe: [Array],
64 silly audit report       cvss: [Object]
64 silly audit report     }
64 silly audit report   ],
64 silly audit report   '@hono/node-server': [
64 silly audit report     {
64 silly audit report       id: 1116281,
64 silly audit report       url: 'https://github.com/advisories/GHSA-92pp-h63x-v22m',
64 silly audit report       title: '@hono/node-server: Middleware bypass via repeated slashes in serveStatic',
64 silly audit report       severity: 'moderate',
64 silly audit report       vulnerable_versions: '<1.19.13',
64 silly audit report       cwe: [Array],
64 silly audit report       cvss: [Object]
64 silly audit report     }
64 silly audit report   ]
64 silly audit report }
65 silly packumentCache corgi:https://registry.npmjs.org/hono cache-miss
66 silly packumentCache corgi:https://registry.npmjs.org/next cache-miss
67 silly packumentCache corgi:https://registry.npmjs.org/@hono%2fnode-server cache-miss
68 http fetch GET 200 https://registry.npmjs.org/hono 905ms (cache miss)
69 silly packumentCache corgi:https://registry.npmjs.org/hono set size:undefined disposed:false
70 http fetch GET 200 https://registry.npmjs.org/@types/nodemailer/-/nodemailer-8.0.0.tgz 1337ms (cache miss)
71 http fetch GET 200 https://registry.npmjs.org/nodemailer/-/nodemailer-8.0.5.tgz 2413ms (cache miss)
72 http fetch GET 200 https://registry.npmjs.org/@hono%2fnode-server 8175ms (cache miss)
73 silly packumentCache corgi:https://registry.npmjs.org/@hono%2fnode-server set size:undefined disposed:false
74 http fetch GET 200 https://registry.npmjs.org/next 8850ms (cache miss)
75 silly packumentCache corgi:https://registry.npmjs.org/next set size:undefined disposed:false
76 silly packumentCache corgi:https://registry.npmjs.org/@modelcontextprotocol%2fsdk cache-miss
77 http fetch GET 200 https://registry.npmjs.org/@modelcontextprotocol%2fsdk 224ms (cache miss)
78 silly packumentCache corgi:https://registry.npmjs.org/@modelcontextprotocol%2fsdk set size:undefined disposed:false
79 silly ADD node_modules/nodemailer
80 silly ADD node_modules/@types/nodemailer
81 silly REMOVE node_modules/@prisma/studio-core
82 silly REMOVE node_modules/@prisma/streams-local
83 silly REMOVE node_modules/@prisma/streams-local/node_modules/env-paths
84 silly REMOVE node_modules/@prisma/streams-local/node_modules/ajv
85 silly REMOVE node_modules/@prisma/streams-local/node_modules/ajv/node_modules/json-schema-traverse
86 silly REMOVE node_modules/@prisma/query-plan-executor
87 silly REMOVE node_modules/@prisma/dev
88 silly REMOVE node_modules/@prisma/client-runtime-utils
89 silly REMOVE node_modules/@kurkle/color
90 silly REMOVE node_modules/@hono/node-server
91 silly REMOVE node_modules/@electric-sql/pglite-tools
92 silly REMOVE node_modules/@electric-sql/pglite-socket
93 silly REMOVE node_modules/@electric-sql/pglite
94 silly REMOVE node_modules/zeptomatch
95 silly REMOVE node_modules/valibot
96 silly REMOVE node_modules/std-env
97 silly REMOVE node_modules/sqlstring
98 silly REMOVE node_modules/seq-queue
99 silly REMOVE node_modules/retry
100 silly REMOVE node_modules/remeda
101 silly REMOVE node_modules/proper-lockfile
102 silly REMOVE node_modules/proper-lockfile/node_modules/signal-exit
103 silly REMOVE node_modules/postgres
104 silly REMOVE node_modules/named-placeholders
105 silly REMOVE node_modules/mysql2
106 silly REMOVE node_modules/lru.min
107 silly REMOVE node_modules/long
108 silly REMOVE node_modules/is-property
109 silly REMOVE node_modules/http-status-codes
110 silly REMOVE node_modules/graphmatch
111 silly REMOVE node_modules/grammex
112 silly REMOVE node_modules/get-port-please
113 silly REMOVE node_modules/generate-function
114 silly REMOVE node_modules/foreground-child
115 silly REMOVE node_modules/denque
116 silly REMOVE node_modules/chart.js
117 silly REMOVE node_modules/better-result
118 silly REMOVE node_modules/aws-ssl-profiles
119 verbose cwd /Users/matthewgodwin/Documents/Builds/diensabyansah
120 verbose os Darwin 21.6.0
121 verbose node v20.20.0
122 verbose npm  v10.8.2
123 notice
123 notice New [31mmajor[39m version of npm available! [31m10.8.2[39m -> [34m11.13.0[39m
123 notice Changelog: [34mhttps://github.com/npm/cli/releases/tag/v11.13.0[39m
123 notice To update run: [4mnpm install -g npm@11.13.0[24m
123 notice  { force: true, [Symbol(proc-log.meta)]: true }
124 verbose exit 0
125 info ok
